d:\code\projects\regexp\regexp.bsc
d:\code\projects\regexp\vc141.pdb
d:\code\projects\regexp\generic.sbr
d:\code\projects\regexp\regexp.sbr
d:\code\projects\regexp\regexp.obj
d:\code\projects\regexp\generic.obj
d:\code\projects\regexp\regexp.xll
d:\code\projects\regexp\regexp.pdb
d:\code\projects\regexp\regexp.lib
d:\code\projects\regexp\regexp.exp
d:\code\projects\regexp\.\regexp.pdb
d:\code\projects\regexp\.\regexp.xll
d:\code\projects\regexp\.\regexp.bsc
d:\code\projects\regexp\regexp.tlog\bscmake.command.1.tlog
d:\code\projects\regexp\regexp.tlog\bscmake.read.1.tlog
d:\code\projects\regexp\regexp.tlog\bscmake.write.1.tlog
d:\code\projects\regexp\regexp.tlog\cl.command.1.tlog
d:\code\projects\regexp\regexp.tlog\cl.read.1.tlog
d:\code\projects\regexp\regexp.tlog\cl.write.1.tlog
d:\code\projects\regexp\regexp.tlog\link.command.1.tlog
d:\code\projects\regexp\regexp.tlog\link.read.1.tlog
d:\code\projects\regexp\regexp.tlog\link.write.1.tlog
d:\code\projects\regexp\regexp.tlog\regexp.write.1u.tlog
